# JRE version: OpenJDK Runtime Environment (8.0_152-b02) (build 1.8.0_152-release-1024-b02)
# Java VM: OpenJDK 64-Bit Server VM (25.152-b02 mixed mode windows-amd64 compressed oops)
Heap:
 PSYoungGen      total 244736K, used 71688K [0x00000000e0000000, 0x00000000f1100000, 0x0000000100000000)
  eden space 219648K, 32% used [0x00000000e0000000,0x00000000e46020b8,0x00000000ed680000)
  from space 25088K, 0% used [0x00000000eee00000,0x00000000eee00000,0x00000000f0680000)
  to   space 24064K, 0% used [0x00000000ed680000,0x00000000ed680000,0x00000000eee00000)
 ParOldGen       total 144384K, used 44354K [0x00000000a0000000, 0x00000000a8d00000, 0x00000000e0000000)
  object space 144384K, 30% used [0x00000000a0000000,0x00000000a2b50ab0,0x00000000a8d00000)
 Metaspace       used 59801K, capacity 61956K, committed 62208K, reserved 1103872K
  class space    used 8080K, capacity 8651K, committed 8704K, reserved 1048576K
GC Heap History (10 events):
Event: 16.957 GC heap before
{Heap before GC invocations=11 (full 2):
 PSYoungGen      total 134144K, used 125952K [0x00000000e0000000, 0x00000000ed080000, 0x0000000100000000)
  eden space 125952K, 100% used [0x00000000e0000000,0x00000000e7b00000,0x00000000e7b00000)
  from space 8192K, 0% used [0x00000000e8780000,0x00000000e8780000,0x00000000e8f80000)
  to   space 12800K, 0% used [0x00000000e7b00000,0x00000000e7b00000,0x00000000e8780000)
 ParOldGen       total 92672K, used 16089K [0x00000000a0000000, 0x00000000a5a80000, 0x00000000e0000000)
  object space 92672K, 17% used [0x00000000a0000000,0x00000000a0fb6520,0x00000000a5a80000)
 Metaspace       used 43223K, capacity 44358K, committed 44544K, reserved 1087488K
  class space    used 5965K, capacity 6301K, committed 6400K, reserved 1048576K
Event: 16.970 GC heap after
Heap after GC invocations=11 (full 2):
 PSYoungGen      total 138752K, used 12787K [0x00000000e0000000, 0x00000000ec200000, 0x0000000100000000)
  eden space 125952K, 0% used [0x00000000e0000000,0x00000000e0000000,0x00000000e7b00000)
  from space 12800K, 99% used [0x00000000e7b00000,0x00000000e877cff8,0x00000000e8780000)
  to   space 14848K, 0% used [0x00000000eb380000,0x00000000eb380000,0x00000000ec200000)
 ParOldGen       total 92672K, used 17426K [0x00000000a0000000, 0x00000000a5a80000, 0x00000000e0000000)
  object space 92672K, 18% used [0x00000000a0000000,0x00000000a1104a48,0x00000000a5a80000)
 Metaspace       used 43223K, capacity 44358K, committed 44544K, reserved 1087488K
  class space    used 5965K, capacity 6301K, committed 6400K, reserved 1048576K
}
Event: 19.225 GC heap before
{Heap before GC invocations=12 (full 2):
 PSYoungGen      total 138752K, used 138739K [0x00000000e0000000, 0x00000000ec200000, 0x0000000100000000)
  eden space 125952K, 100% used [0x00000000e0000000,0x00000000e7b00000,0x00000000e7b00000)
  from space 12800K, 99% used [0x00000000e7b00000,0x00000000e877cff8,0x00000000e8780000)
  to   space 14848K, 0% used [0x00000000eb380000,0x00000000eb380000,0x00000000ec200000)
 ParOldGen       total 92672K, used 17426K [0x00000000a0000000, 0x00000000a5a80000, 0x00000000e0000000)
  object space 92672K, 18% used [0x00000000a0000000,0x00000000a1104a48,0x00000000a5a80000)
 Metaspace       used 53211K, capacity 54950K, committed 55296K, reserved 1097728K
  class space    used 7368K, capacity 7832K, committed 7936K, reserved 1048576K
Event: 19.256 GC heap after
Heap after GC invocations=12 (full 2):
 PSYoungGen      total 180224K, used 14845K [0x00000000e0000000, 0x00000000ec700000, 0x0000000100000000)
  eden space 165376K, 0% used [0x00000000e0000000,0x00000000e0000000,0x00000000ea180000)
  from space 14848K, 99% used [0x00000000eb380000,0x00000000ec1ff520,0x00000000ec200000)
  to   space 18432K, 0% used [0x00000000ea180000,0x00000000ea180000,0x00000000eb380000)
 ParOldGen       total 92672K, used 22556K [0x00000000a0000000, 0x00000000a5a80000, 0x00000000e0000000)
  object space 92672K, 24% used [0x00000000a0000000,0x00000000a1607058,0x00000000a5a80000)
 Metaspace       used 53211K, capacity 54950K, committed 55296K, reserved 1097728K
  class space    used 7368K, capacity 7832K, committed 7936K, reserved 1048576K
}
Event: 24.177 GC heap before
{Heap before GC invocations=13 (full 2):
 PSYoungGen      total 180224K, used 180221K [0x00000000e0000000, 0x00000000ec700000, 0x0000000100000000)
  eden space 165376K, 100% used [0x00000000e0000000,0x00000000ea180000,0x00000000ea180000)
  from space 14848K, 99% used [0x00000000eb380000,0x00000000ec1ff520,0x00000000ec200000)
  to   space 18432K, 0% used [0x00000000ea180000,0x00000000ea180000,0x00000000eb380000)
 ParOldGen       total 92672K, used 22556K [0x00000000a0000000, 0x00000000a5a80000, 0x00000000e0000000)
  object space 92672K, 24% used [0x00000000a0000000,0x00000000a1607058,0x00000000a5a80000)
 Metaspace       used 55943K, capacity 57804K, committed 57984K, reserved 1099776K
  class space    used 7691K, capacity 8197K, committed 8320K, reserved 1048576K
Event: 24.269 GC heap after
Heap after GC invocations=13 (full 2):
 PSYoungGen      total 183808K, used 18400K [0x00000000e0000000, 0x00000000f0680000, 0x0000000100000000)
  eden space 165376K, 0% used [0x00000000e0000000,0x00000000e0000000,0x00000000ea180000)
  from space 18432K, 99% used [0x00000000ea180000,0x00000000eb378230,0x00000000eb380000)
  to   space 25088K, 0% used [0x00000000eee00000,0x00000000eee00000,0x00000000f0680000)
 ParOldGen       total 92672K, used 34520K [0x00000000a0000000, 0x00000000a5a80000, 0x00000000e0000000)
  object space 92672K, 37% used [0x00000000a0000000,0x00000000a21b63f8,0x00000000a5a80000)
 Metaspace       used 55943K, capacity 57804K, committed 57984K, reserved 1099776K
  class space    used 7691K, capacity 8197K, committed 8320K, reserved 1048576K
}
Event: 24.649 GC heap before
{Heap before GC invocations=14 (full 2):
 PSYoungGen      total 183808K, used 30589K [0x00000000e0000000, 0x00000000f0680000, 0x0000000100000000)
  eden space 165376K, 7% used [0x00000000e0000000,0x00000000e0be74e8,0x00000000ea180000)
  from space 18432K, 99% used [0x00000000ea180000,0x00000000eb378230,0x00000000eb380000)
  to   space 25088K, 0% used [0x00000000eee00000,0x00000000eee00000,0x00000000f0680000)
 ParOldGen       total 92672K, used 34520K [0x00000000a0000000, 0x00000000a5a80000, 0x00000000e0000000)
  object space 92672K, 37% used [0x00000000a0000000,0x00000000a21b63f8,0x00000000a5a80000)
 Metaspace       used 56746K, capacity 58890K, committed 59028K, reserved 1099776K
  class space    used 7784K, capacity 8352K, committed 8448K, reserved 1048576K
Event: 24.679 GC heap after
Heap after GC invocations=14 (full 2):
 PSYoungGen      total 244736K, used 10143K [0x00000000e0000000, 0x00000000f1100000, 0x0000000100000000)
  eden space 219648K, 0% used [0x00000000e0000000,0x00000000e0000000,0x00000000ed680000)
  from space 25088K, 40% used [0x00000000eee00000,0x00000000ef7e7d40,0x00000000f0680000)
  to   space 24064K, 0% used [0x00000000ed680000,0x00000000ed680000,0x00000000eee00000)
 ParOldGen       total 92672K, used 44090K [0x00000000a0000000, 0x00000000a5a80000, 0x00000000e0000000)
  object space 92672K, 47% used [0x00000000a0000000,0x00000000a2b0e990,0x00000000a5a80000)
 Metaspace       used 56746K, capacity 58890K, committed 59028K, reserved 1099776K
  class space    used 7784K, capacity 8352K, committed 8448K, reserved 1048576K
}
Event: 24.679 GC heap before
{Heap before GC invocations=15 (full 3):
 PSYoungGen      total 244736K, used 10143K [0x00000000e0000000, 0x00000000f1100000, 0x0000000100000000)
  eden space 219648K, 0% used [0x00000000e0000000,0x00000000e0000000,0x00000000ed680000)
  from space 25088K, 40% used [0x00000000eee00000,0x00000000ef7e7d40,0x00000000f0680000)
  to   space 24064K, 0% used [0x00000000ed680000,0x00000000ed680000,0x00000000eee00000)
 ParOldGen       total 92672K, used 44090K [0x00000000a0000000, 0x00000000a5a80000, 0x00000000e0000000)
  object space 92672K, 47% used [0x00000000a0000000,0x00000000a2b0e990,0x00000000a5a80000)
 Metaspace       used 56746K, capacity 58890K, committed 59028K, reserved 1099776K
  class space    used 7784K, capacity 8352K, committed 8448K, reserved 1048576K
Event: 25.002 GC heap after
Heap after GC invocations=15 (full 3):
 PSYoungGen      total 244736K, used 0K [0x00000000e0000000, 0x00000000f1100000, 0x0000000100000000)
  eden space 219648K, 0% used [0x00000000e0000000,0x00000000e0000000,0x00000000ed680000)
  from space 25088K, 0% used [0x00000000eee00000,0x00000000eee00000,0x00000000f0680000)
  to   space 24064K, 0% used [0x00000000ed680000,0x00000000ed680000,0x00000000eee00000)
 ParOldGen       total 144384K, used 44354K [0x00000000a0000000, 0x00000000a8d00000, 0x00000000e0000000)
  object space 144384K, 30% used [0x00000000a0000000,0x00000000a2b50ab0,0x00000000a8d00000)
 Metaspace       used 56746K, capacity 58890K, committed 59028K, reserved 1099776K
  class space    used 7784K, capacity 8352K, committed 8448K, reserved 1048576K
}

