# JRE version: OpenJDK Runtime Environment (8.0_152-b02) (build 1.8.0_152-release-1024-b02)
# Java VM: OpenJDK 64-Bit Server VM (25.152-b02 mixed mode windows-amd64 compressed oops)
Heap:
 PSYoungGen      total 138752K, used 48836K [0x00000000e0000000, 0x00000000ebb80000, 0x0000000100000000)
  eden space 129024K, 37% used [0x00000000e0000000,0x00000000e2fb1240,0x00000000e7e00000)
  from space 9728K, 0% used [0x00000000e7e00000,0x00000000e7e00000,0x00000000e8780000)
  to   space 13312K, 0% used [0x00000000eae80000,0x00000000eae80000,0x00000000ebb80000)
 ParOldGen       total 57856K, used 20689K [0x00000000a0000000, 0x00000000a3880000, 0x00000000e0000000)
  object space 57856K, 35% used [0x00000000a0000000,0x00000000a1434588,0x00000000a3880000)
 Metaspace       used 37348K, capacity 38216K, committed 38528K, reserved 1083392K
  class space    used 5143K, capacity 5403K, committed 5504K, reserved 1048576K
GC Heap History (10 events):
Event: 3.978 GC heap before
{Heap before GC invocations=5 (full 0):
 PSYoungGen      total 70656K, used 20878K [0x00000000e0000000, 0x00000000e4a00000, 0x0000000100000000)
  eden space 65536K, 24% used [0x00000000e0000000,0x00000000e0f69400,0x00000000e4000000)
  from space 5120K, 99% used [0x00000000e4500000,0x00000000e49fa650,0x00000000e4a00000)
  to   space 5120K, 0% used [0x00000000e4000000,0x00000000e4000000,0x00000000e4500000)
 ParOldGen       total 86016K, used 6018K [0x00000000a0000000, 0x00000000a5400000, 0x00000000e0000000)
  object space 86016K, 6% used [0x00000000a0000000,0x00000000a05e0a60,0x00000000a5400000)
 Metaspace       used 20766K, capacity 21212K, committed 21248K, reserved 1067008K
  class space    used 2894K, capacity 3043K, committed 3072K, reserved 1048576K
Event: 4.001 GC heap after
Heap after GC invocations=5 (full 0):
 PSYoungGen      total 70656K, used 5101K [0x00000000e0000000, 0x00000000e9400000, 0x0000000100000000)
  eden space 65536K, 0% used [0x00000000e0000000,0x00000000e0000000,0x00000000e4000000)
  from space 5120K, 99% used [0x00000000e4000000,0x00000000e44fb660,0x00000000e4500000)
  to   space 10240K, 0% used [0x00000000e8a00000,0x00000000e8a00000,0x00000000e9400000)
 ParOldGen       total 86016K, used 8732K [0x00000000a0000000, 0x00000000a5400000, 0x00000000e0000000)
  object space 86016K, 10% used [0x00000000a0000000,0x00000000a0887070,0x00000000a5400000)
 Metaspace       used 20766K, capacity 21212K, committed 21248K, reserved 1067008K
  class space    used 2894K, capacity 3043K, committed 3072K, reserved 1048576K
}
Event: 4.001 GC heap before
{Heap before GC invocations=6 (full 1):
 PSYoungGen      total 70656K, used 5101K [0x00000000e0000000, 0x00000000e9400000, 0x0000000100000000)
  eden space 65536K, 0% used [0x00000000e0000000,0x00000000e0000000,0x00000000e4000000)
  from space 5120K, 99% used [0x00000000e4000000,0x00000000e44fb660,0x00000000e4500000)
  to   space 10240K, 0% used [0x00000000e8a00000,0x00000000e8a00000,0x00000000e9400000)
 ParOldGen       total 86016K, used 8732K [0x00000000a0000000, 0x00000000a5400000, 0x00000000e0000000)
  object space 86016K, 10% used [0x00000000a0000000,0x00000000a0887070,0x00000000a5400000)
 Metaspace       used 20766K, capacity 21212K, committed 21248K, reserved 1067008K
  class space    used 2894K, capacity 3043K, committed 3072K, reserved 1048576K
Event: 4.042 GC heap after
Heap after GC invocations=6 (full 1):
 PSYoungGen      total 70656K, used 0K [0x00000000e0000000, 0x00000000e9400000, 0x0000000100000000)
  eden space 65536K, 0% used [0x00000000e0000000,0x00000000e0000000,0x00000000e4000000)
  from space 5120K, 0% used [0x00000000e4000000,0x00000000e4000000,0x00000000e4500000)
  to   space 10240K, 0% used [0x00000000e8a00000,0x00000000e8a00000,0x00000000e9400000)
 ParOldGen       total 57856K, used 8372K [0x00000000a0000000, 0x00000000a3880000, 0x00000000e0000000)
  object space 57856K, 14% used [0x00000000a0000000,0x00000000a082d0d0,0x00000000a3880000)
 Metaspace       used 20766K, capacity 21212K, committed 21248K, reserved 1067008K
  class space    used 2894K, capacity 3043K, committed 3072K, reserved 1048576K
}
Event: 5.177 GC heap before
{Heap before GC invocations=7 (full 1):
 PSYoungGen      total 70656K, used 65536K [0x00000000e0000000, 0x00000000e9400000, 0x0000000100000000)
  eden space 65536K, 100% used [0x00000000e0000000,0x00000000e4000000,0x00000000e4000000)
  from space 5120K, 0% used [0x00000000e4000000,0x00000000e4000000,0x00000000e4500000)
  to   space 10240K, 0% used [0x00000000e8a00000,0x00000000e8a00000,0x00000000e9400000)
 ParOldGen       total 57856K, used 8372K [0x00000000a0000000, 0x00000000a3880000, 0x00000000e0000000)
  object space 57856K, 14% used [0x00000000a0000000,0x00000000a082d0d0,0x00000000a3880000)
 Metaspace       used 26461K, capacity 27052K, committed 27136K, reserved 1073152K
  class space    used 3636K, capacity 3809K, committed 3840K, reserved 1048576K
Event: 5.187 GC heap after
Heap after GC invocations=7 (full 1):
 PSYoungGen      total 112128K, used 6834K [0x00000000e0000000, 0x00000000e9100000, 0x0000000100000000)
  eden space 104960K, 0% used [0x00000000e0000000,0x00000000e0000000,0x00000000e6680000)
  from space 7168K, 95% used [0x00000000e8a00000,0x00000000e90aca90,0x00000000e9100000)
  to   space 9728K, 0% used [0x00000000e7e00000,0x00000000e7e00000,0x00000000e8780000)
 ParOldGen       total 57856K, used 8380K [0x00000000a0000000, 0x00000000a3880000, 0x00000000e0000000)
  object space 57856K, 14% used [0x00000000a0000000,0x00000000a082f0d0,0x00000000a3880000)
 Metaspace       used 26461K, capacity 27052K, committed 27136K, reserved 1073152K
  class space    used 3636K, capacity 3809K, committed 3840K, reserved 1048576K
}
Event: 7.334 GC heap before
{Heap before GC invocations=8 (full 1):
 PSYoungGen      total 112128K, used 104231K [0x00000000e0000000, 0x00000000e9100000, 0x0000000100000000)
  eden space 104960K, 92% used [0x00000000e0000000,0x00000000e5f1d540,0x00000000e6680000)
  from space 7168K, 95% used [0x00000000e8a00000,0x00000000e90aca90,0x00000000e9100000)
  to   space 9728K, 0% used [0x00000000e7e00000,0x00000000e7e00000,0x00000000e8780000)
 ParOldGen       total 57856K, used 8380K [0x00000000a0000000, 0x00000000a3880000, 0x00000000e0000000)
  object space 57856K, 14% used [0x00000000a0000000,0x00000000a082f0d0,0x00000000a3880000)
 Metaspace       used 34428K, capacity 35312K, committed 35416K, reserved 1079296K
  class space    used 4817K, capacity 5095K, committed 5120K, reserved 1048576K
Event: 7.353 GC heap after
Heap after GC invocations=8 (full 1):
 PSYoungGen      total 138752K, used 9714K [0x00000000e0000000, 0x00000000ebb80000, 0x0000000100000000)
  eden space 129024K, 0% used [0x00000000e0000000,0x00000000e0000000,0x00000000e7e00000)
  from space 9728K, 99% used [0x00000000e7e00000,0x00000000e877c808,0x00000000e8780000)
  to   space 13312K, 0% used [0x00000000eae80000,0x00000000eae80000,0x00000000ebb80000)
 ParOldGen       total 57856K, used 12896K [0x00000000a0000000, 0x00000000a3880000, 0x00000000e0000000)
  object space 57856K, 22% used [0x00000000a0000000,0x00000000a0c980d0,0x00000000a3880000)
 Metaspace       used 34428K, capacity 35312K, committed 35416K, reserved 1079296K
  class space    used 4817K, capacity 5095K, committed 5120K, reserved 1048576K
}
Event: 7.353 GC heap before
{Heap before GC invocations=9 (full 2):
 PSYoungGen      total 138752K, used 9714K [0x00000000e0000000, 0x00000000ebb80000, 0x0000000100000000)
  eden space 129024K, 0% used [0x00000000e0000000,0x00000000e0000000,0x00000000e7e00000)
  from space 9728K, 99% used [0x00000000e7e00000,0x00000000e877c808,0x00000000e8780000)
  to   space 13312K, 0% used [0x00000000eae80000,0x00000000eae80000,0x00000000ebb80000)
 ParOldGen       total 57856K, used 12896K [0x00000000a0000000, 0x00000000a3880000, 0x00000000e0000000)
  object space 57856K, 22% used [0x00000000a0000000,0x00000000a0c980d0,0x00000000a3880000)
 Metaspace       used 34428K, capacity 35312K, committed 35416K, reserved 1079296K
  class space    used 4817K, capacity 5095K, committed 5120K, reserved 1048576K
Event: 7.445 GC heap after
Heap after GC invocations=9 (full 2):
 PSYoungGen      total 138752K, used 0K [0x00000000e0000000, 0x00000000ebb80000, 0x0000000100000000)
  eden space 129024K, 0% used [0x00000000e0000000,0x00000000e0000000,0x00000000e7e00000)
  from space 9728K, 0% used [0x00000000e7e00000,0x00000000e7e00000,0x00000000e8780000)
  to   space 13312K, 0% used [0x00000000eae80000,0x00000000eae80000,0x00000000ebb80000)
 ParOldGen       total 57856K, used 20689K [0x00000000a0000000, 0x00000000a3880000, 0x00000000e0000000)
  object space 57856K, 35% used [0x00000000a0000000,0x00000000a1434588,0x00000000a3880000)
 Metaspace       used 34428K, capacity 35312K, committed 35416K, reserved 1079296K
  class space    used 4817K, capacity 5095K, committed 5120K, reserved 1048576K
}

