# JRE version: OpenJDK Runtime Environment (8.0_152-b02) (build 1.8.0_152-release-1024-b02)
# Java VM: OpenJDK 64-Bit Server VM (25.152-b02 mixed mode windows-amd64 compressed oops)
Heap:
 PSYoungGen      total 138752K, used 31678K [0x00000000e0000000, 0x00000000ec000000, 0x0000000100000000)
  eden space 129024K, 17% used [0x00000000e0000000,0x00000000e1572710,0x00000000e7e00000)
  from space 9728K, 99% used [0x00000000e7e00000,0x00000000e877d4e0,0x00000000e8780000)
  to   space 19456K, 0% used [0x00000000ead00000,0x00000000ead00000,0x00000000ec000000)
 ParOldGen       total 104960K, used 33141K [0x00000000a0000000, 0x00000000a6680000, 0x00000000e0000000)
  object space 104960K, 31% used [0x00000000a0000000,0x00000000a205d400,0x00000000a6680000)
 Metaspace       used 53621K, capacity 55426K, committed 55552K, reserved 1097728K
  class space    used 7407K, capacity 7870K, committed 7936K, reserved 1048576K
GC Heap History (10 events):
Event: 4.835 GC heap before
{Heap before GC invocations=7 (full 1):
 PSYoungGen      total 70656K, used 65536K [0x00000000e0000000, 0x00000000e9400000, 0x0000000100000000)
  eden space 65536K, 100% used [0x00000000e0000000,0x00000000e4000000,0x00000000e4000000)
  from space 5120K, 0% used [0x00000000e4000000,0x00000000e4000000,0x00000000e4500000)
  to   space 10240K, 0% used [0x00000000e8a00000,0x00000000e8a00000,0x00000000e9400000)
 ParOldGen       total 61440K, used 8421K [0x00000000a0000000, 0x00000000a3c00000, 0x00000000e0000000)
  object space 61440K, 13% used [0x00000000a0000000,0x00000000a08396e0,0x00000000a3c00000)
 Metaspace       used 26449K, capacity 26988K, committed 27136K, reserved 1073152K
  class space    used 3635K, capacity 3809K, committed 3840K, reserved 1048576K
Event: 4.850 GC heap after
Heap after GC invocations=7 (full 1):
 PSYoungGen      total 106496K, used 6766K [0x00000000e0000000, 0x00000000e9100000, 0x0000000100000000)
  eden space 99328K, 0% used [0x00000000e0000000,0x00000000e0000000,0x00000000e6100000)
  from space 7168K, 94% used [0x00000000e8a00000,0x00000000e909b828,0x00000000e9100000)
  to   space 9728K, 0% used [0x00000000e7e00000,0x00000000e7e00000,0x00000000e8780000)
 ParOldGen       total 61440K, used 8429K [0x00000000a0000000, 0x00000000a3c00000, 0x00000000e0000000)
  object space 61440K, 13% used [0x00000000a0000000,0x00000000a083b6e0,0x00000000a3c00000)
 Metaspace       used 26449K, capacity 26988K, committed 27136K, reserved 1073152K
  class space    used 3635K, capacity 3809K, committed 3840K, reserved 1048576K
}
Event: 6.749 GC heap before
{Heap before GC invocations=8 (full 1):
 PSYoungGen      total 106496K, used 106094K [0x00000000e0000000, 0x00000000e9100000, 0x0000000100000000)
  eden space 99328K, 100% used [0x00000000e0000000,0x00000000e6100000,0x00000000e6100000)
  from space 7168K, 94% used [0x00000000e8a00000,0x00000000e909b828,0x00000000e9100000)
  to   space 9728K, 0% used [0x00000000e7e00000,0x00000000e7e00000,0x00000000e8780000)
 ParOldGen       total 61440K, used 8429K [0x00000000a0000000, 0x00000000a3c00000, 0x00000000e0000000)
  object space 61440K, 13% used [0x00000000a0000000,0x00000000a083b6e0,0x00000000a3c00000)
 Metaspace       used 34515K, capacity 35312K, committed 35416K, reserved 1079296K
  class space    used 4828K, capacity 5095K, committed 5120K, reserved 1048576K
Event: 6.768 GC heap after
Heap after GC invocations=8 (full 1):
 PSYoungGen      total 138752K, used 9706K [0x00000000e0000000, 0x00000000ea980000, 0x0000000100000000)
  eden space 129024K, 0% used [0x00000000e0000000,0x00000000e0000000,0x00000000e7e00000)
  from space 9728K, 99% used [0x00000000e7e00000,0x00000000e877a920,0x00000000e8780000)
  to   space 12800K, 0% used [0x00000000e9d00000,0x00000000e9d00000,0x00000000ea980000)
 ParOldGen       total 61440K, used 12989K [0x00000000a0000000, 0x00000000a3c00000, 0x00000000e0000000)
  object space 61440K, 21% used [0x00000000a0000000,0x00000000a0caf7c8,0x00000000a3c00000)
 Metaspace       used 34515K, capacity 35312K, committed 35416K, reserved 1079296K
  class space    used 4828K, capacity 5095K, committed 5120K, reserved 1048576K
}
Event: 6.768 GC heap before
{Heap before GC invocations=9 (full 2):
 PSYoungGen      total 138752K, used 9706K [0x00000000e0000000, 0x00000000ea980000, 0x0000000100000000)
  eden space 129024K, 0% used [0x00000000e0000000,0x00000000e0000000,0x00000000e7e00000)
  from space 9728K, 99% used [0x00000000e7e00000,0x00000000e877a920,0x00000000e8780000)
  to   space 12800K, 0% used [0x00000000e9d00000,0x00000000e9d00000,0x00000000ea980000)
 ParOldGen       total 61440K, used 12989K [0x00000000a0000000, 0x00000000a3c00000, 0x00000000e0000000)
  object space 61440K, 21% used [0x00000000a0000000,0x00000000a0caf7c8,0x00000000a3c00000)
 Metaspace       used 34515K, capacity 35312K, committed 35416K, reserved 1079296K
  class space    used 4828K, capacity 5095K, committed 5120K, reserved 1048576K
Event: 6.870 GC heap after
Heap after GC invocations=9 (full 2):
 PSYoungGen      total 138752K, used 0K [0x00000000e0000000, 0x00000000ea980000, 0x0000000100000000)
  eden space 129024K, 0% used [0x00000000e0000000,0x00000000e0000000,0x00000000e7e00000)
  from space 9728K, 0% used [0x00000000e7e00000,0x00000000e7e00000,0x00000000e8780000)
  to   space 12800K, 0% used [0x00000000e9d00000,0x00000000e9d00000,0x00000000ea980000)
 ParOldGen       total 104960K, used 20753K [0x00000000a0000000, 0x00000000a6680000, 0x00000000e0000000)
  object space 104960K, 19% used [0x00000000a0000000,0x00000000a1444788,0x00000000a6680000)
 Metaspace       used 34515K, capacity 35312K, committed 35416K, reserved 1079296K
  class space    used 4828K, capacity 5095K, committed 5120K, reserved 1048576K
}
Event: 8.809 GC heap before
{Heap before GC invocations=10 (full 2):
 PSYoungGen      total 138752K, used 129024K [0x00000000e0000000, 0x00000000ea980000, 0x0000000100000000)
  eden space 129024K, 100% used [0x00000000e0000000,0x00000000e7e00000,0x00000000e7e00000)
  from space 9728K, 0% used [0x00000000e7e00000,0x00000000e7e00000,0x00000000e8780000)
  to   space 12800K, 0% used [0x00000000e9d00000,0x00000000e9d00000,0x00000000ea980000)
 ParOldGen       total 104960K, used 20753K [0x00000000a0000000, 0x00000000a6680000, 0x00000000e0000000)
  object space 104960K, 19% used [0x00000000a0000000,0x00000000a1444788,0x00000000a6680000)
 Metaspace       used 43446K, capacity 44534K, committed 44800K, reserved 1087488K
  class space    used 5997K, capacity 6307K, committed 6400K, reserved 1048576K
Event: 8.842 GC heap after
Heap after GC invocations=10 (full 2):
 PSYoungGen      total 141824K, used 12797K [0x00000000e0000000, 0x00000000ea980000, 0x0000000100000000)
  eden space 129024K, 0% used [0x00000000e0000000,0x00000000e0000000,0x00000000e7e00000)
  from space 12800K, 99% used [0x00000000e9d00000,0x00000000ea97f5b0,0x00000000ea980000)
  to   space 9728K, 0% used [0x00000000e7e00000,0x00000000e7e00000,0x00000000e8780000)
 ParOldGen       total 104960K, used 22283K [0x00000000a0000000, 0x00000000a6680000, 0x00000000e0000000)
  object space 104960K, 21% used [0x00000000a0000000,0x00000000a15c2f08,0x00000000a6680000)
 Metaspace       used 43446K, capacity 44534K, committed 44800K, reserved 1087488K
  class space    used 5997K, capacity 6307K, committed 6400K, reserved 1048576K
}
Event: 10.868 GC heap before
{Heap before GC invocations=11 (full 2):
 PSYoungGen      total 141824K, used 141821K [0x00000000e0000000, 0x00000000ea980000, 0x0000000100000000)
  eden space 129024K, 100% used [0x00000000e0000000,0x00000000e7e00000,0x00000000e7e00000)
  from space 12800K, 99% used [0x00000000e9d00000,0x00000000ea97f5b0,0x00000000ea980000)
  to   space 9728K, 0% used [0x00000000e7e00000,0x00000000e7e00000,0x00000000e8780000)
 ParOldGen       total 104960K, used 22283K [0x00000000a0000000, 0x00000000a6680000, 0x00000000e0000000)
  object space 104960K, 21% used [0x00000000a0000000,0x00000000a15c2f08,0x00000000a6680000)
 Metaspace       used 53323K, capacity 55100K, committed 55296K, reserved 1097728K
  class space    used 7380K, capacity 7838K, committed 7936K, reserved 1048576K
Event: 10.887 GC heap after
Heap after GC invocations=11 (full 2):
 PSYoungGen      total 138752K, used 9717K [0x00000000e0000000, 0x00000000ec000000, 0x0000000100000000)
  eden space 129024K, 0% used [0x00000000e0000000,0x00000000e0000000,0x00000000e7e00000)
  from space 9728K, 99% used [0x00000000e7e00000,0x00000000e877d4e0,0x00000000e8780000)
  to   space 19456K, 0% used [0x00000000ead00000,0x00000000ead00000,0x00000000ec000000)
 ParOldGen       total 104960K, used 33141K [0x00000000a0000000, 0x00000000a6680000, 0x00000000e0000000)
  object space 104960K, 31% used [0x00000000a0000000,0x00000000a205d400,0x00000000a6680000)
 Metaspace       used 53323K, capacity 55100K, committed 55296K, reserved 1097728K
  class space    used 7380K, capacity 7838K, committed 7936K, reserved 1048576K
}

