# JRE version: OpenJDK Runtime Environment (8.0_152-b02) (build 1.8.0_152-release-1024-b02)
# Java VM: OpenJDK 64-Bit Server VM (25.152-b02 mixed mode windows-amd64 compressed oops)
Heap:
 PSYoungGen      total 105472K, used 59970K [0x00000000e0000000, 0x00000000e7500000, 0x0000000100000000)
  eden space 94720K, 63% used [0x00000000e0000000,0x00000000e3a90bb8,0x00000000e5c80000)
  from space 10752K, 0% used [0x00000000e6880000,0x00000000e6880000,0x00000000e7300000)
  to   space 12288K, 0% used [0x00000000e5c80000,0x00000000e5c80000,0x00000000e6880000)
 ParOldGen       total 59904K, used 17746K [0x00000000a0000000, 0x00000000a3a80000, 0x00000000e0000000)
  object space 59904K, 29% used [0x00000000a0000000,0x00000000a1154b50,0x00000000a3a80000)
 Metaspace       used 38724K, capacity 39574K, committed 39680K, reserved 1085440K
  class space    used 5303K, capacity 5598K, committed 5632K, reserved 1048576K
GC Heap History (10 events):
Event: 3.650 GC heap before
{Heap before GC invocations=6 (full 1):
 PSYoungGen      total 70656K, used 5113K [0x00000000e0000000, 0x00000000e4a00000, 0x0000000100000000)
  eden space 65536K, 0% used [0x00000000e0000000,0x00000000e0000000,0x00000000e4000000)
  from space 5120K, 99% used [0x00000000e4000000,0x00000000e44fe670,0x00000000e4500000)
  to   space 5120K, 0% used [0x00000000e4500000,0x00000000e4500000,0x00000000e4a00000)
 ParOldGen       total 86016K, used 8800K [0x00000000a0000000, 0x00000000a5400000, 0x00000000e0000000)
  object space 86016K, 10% used [0x00000000a0000000,0x00000000a0898010,0x00000000a5400000)
 Metaspace       used 20755K, capacity 21212K, committed 21248K, reserved 1067008K
  class space    used 2894K, capacity 3043K, committed 3072K, reserved 1048576K
Event: 3.696 GC heap after
Heap after GC invocations=6 (full 1):
 PSYoungGen      total 70656K, used 0K [0x00000000e0000000, 0x00000000e4a00000, 0x0000000100000000)
  eden space 65536K, 0% used [0x00000000e0000000,0x00000000e0000000,0x00000000e4000000)
  from space 5120K, 0% used [0x00000000e4000000,0x00000000e4000000,0x00000000e4500000)
  to   space 5120K, 0% used [0x00000000e4500000,0x00000000e4500000,0x00000000e4a00000)
 ParOldGen       total 59904K, used 8370K [0x00000000a0000000, 0x00000000a3a80000, 0x00000000e0000000)
  object space 59904K, 13% used [0x00000000a0000000,0x00000000a082c9c0,0x00000000a3a80000)
 Metaspace       used 20755K, capacity 21212K, committed 21248K, reserved 1067008K
  class space    used 2894K, capacity 3043K, committed 3072K, reserved 1048576K
}
Event: 4.965 GC heap before
{Heap before GC invocations=7 (full 1):
 PSYoungGen      total 70656K, used 65536K [0x00000000e0000000, 0x00000000e4a00000, 0x0000000100000000)
  eden space 65536K, 100% used [0x00000000e0000000,0x00000000e4000000,0x00000000e4000000)
  from space 5120K, 0% used [0x00000000e4000000,0x00000000e4000000,0x00000000e4500000)
  to   space 5120K, 0% used [0x00000000e4500000,0x00000000e4500000,0x00000000e4a00000)
 ParOldGen       total 59904K, used 8370K [0x00000000a0000000, 0x00000000a3a80000, 0x00000000e0000000)
  object space 59904K, 13% used [0x00000000a0000000,0x00000000a082c9c0,0x00000000a3a80000)
 Metaspace       used 26493K, capacity 27060K, committed 27136K, reserved 1073152K
  class space    used 3641K, capacity 3813K, committed 3840K, reserved 1048576K
Event: 4.973 GC heap after
Heap after GC invocations=7 (full 1):
 PSYoungGen      total 66048K, used 5119K [0x00000000e0000000, 0x00000000e7500000, 0x0000000100000000)
  eden space 60928K, 0% used [0x00000000e0000000,0x00000000e0000000,0x00000000e3b80000)
  from space 5120K, 99% used [0x00000000e4500000,0x00000000e49ffee8,0x00000000e4a00000)
  to   space 9728K, 0% used [0x00000000e3b80000,0x00000000e3b80000,0x00000000e4500000)
 ParOldGen       total 59904K, used 10118K [0x00000000a0000000, 0x00000000a3a80000, 0x00000000e0000000)
  object space 59904K, 16% used [0x00000000a0000000,0x00000000a09e1880,0x00000000a3a80000)
 Metaspace       used 26493K, capacity 27060K, committed 27136K, reserved 1073152K
  class space    used 3641K, capacity 3813K, committed 3840K, reserved 1048576K
}
Event: 6.136 GC heap before
{Heap before GC invocations=8 (full 1):
 PSYoungGen      total 66048K, used 66047K [0x00000000e0000000, 0x00000000e7500000, 0x0000000100000000)
  eden space 60928K, 100% used [0x00000000e0000000,0x00000000e3b80000,0x00000000e3b80000)
  from space 5120K, 99% used [0x00000000e4500000,0x00000000e49ffee8,0x00000000e4a00000)
  to   space 9728K, 0% used [0x00000000e3b80000,0x00000000e3b80000,0x00000000e4500000)
 ParOldGen       total 59904K, used 10118K [0x00000000a0000000, 0x00000000a3a80000, 0x00000000e0000000)
  object space 59904K, 16% used [0x00000000a0000000,0x00000000a09e1880,0x00000000a3a80000)
 Metaspace       used 30149K, capacity 30844K, committed 31104K, reserved 1075200K
  class space    used 4248K, capacity 4453K, committed 4480K, reserved 1048576K
Event: 6.168 GC heap after
Heap after GC invocations=8 (full 1):
 PSYoungGen      total 70656K, used 9614K [0x00000000e0000000, 0x00000000e7300000, 0x0000000100000000)
  eden space 60928K, 0% used [0x00000000e0000000,0x00000000e0000000,0x00000000e3b80000)
  from space 9728K, 98% used [0x00000000e3b80000,0x00000000e44e3ab0,0x00000000e4500000)
  to   space 10752K, 0% used [0x00000000e6880000,0x00000000e6880000,0x00000000e7300000)
 ParOldGen       total 59904K, used 10126K [0x00000000a0000000, 0x00000000a3a80000, 0x00000000e0000000)
  object space 59904K, 16% used [0x00000000a0000000,0x00000000a09e3880,0x00000000a3a80000)
 Metaspace       used 30149K, capacity 30844K, committed 31104K, reserved 1075200K
  class space    used 4248K, capacity 4453K, committed 4480K, reserved 1048576K
}
Event: 7.372 GC heap before
{Heap before GC invocations=9 (full 1):
 PSYoungGen      total 70656K, used 47031K [0x00000000e0000000, 0x00000000e7300000, 0x0000000100000000)
  eden space 60928K, 61% used [0x00000000e0000000,0x00000000e248a2e8,0x00000000e3b80000)
  from space 9728K, 98% used [0x00000000e3b80000,0x00000000e44e3ab0,0x00000000e4500000)
  to   space 10752K, 0% used [0x00000000e6880000,0x00000000e6880000,0x00000000e7300000)
 ParOldGen       total 59904K, used 10126K [0x00000000a0000000, 0x00000000a3a80000, 0x00000000e0000000)
  object space 59904K, 16% used [0x00000000a0000000,0x00000000a09e3880,0x00000000a3a80000)
 Metaspace       used 34496K, capacity 35312K, committed 35416K, reserved 1079296K
  class space    used 4830K, capacity 5095K, committed 5120K, reserved 1048576K
Event: 7.387 GC heap after
Heap after GC invocations=9 (full 1):
 PSYoungGen      total 105472K, used 10726K [0x00000000e0000000, 0x00000000e7500000, 0x0000000100000000)
  eden space 94720K, 0% used [0x00000000e0000000,0x00000000e0000000,0x00000000e5c80000)
  from space 10752K, 99% used [0x00000000e6880000,0x00000000e72f9958,0x00000000e7300000)
  to   space 12288K, 0% used [0x00000000e5c80000,0x00000000e5c80000,0x00000000e6880000)
 ParOldGen       total 59904K, used 10486K [0x00000000a0000000, 0x00000000a3a80000, 0x00000000e0000000)
  object space 59904K, 17% used [0x00000000a0000000,0x00000000a0a3d810,0x00000000a3a80000)
 Metaspace       used 34496K, capacity 35312K, committed 35416K, reserved 1079296K
  class space    used 4830K, capacity 5095K, committed 5120K, reserved 1048576K
}
Event: 7.387 GC heap before
{Heap before GC invocations=10 (full 2):
 PSYoungGen      total 105472K, used 10726K [0x00000000e0000000, 0x00000000e7500000, 0x0000000100000000)
  eden space 94720K, 0% used [0x00000000e0000000,0x00000000e0000000,0x00000000e5c80000)
  from space 10752K, 99% used [0x00000000e6880000,0x00000000e72f9958,0x00000000e7300000)
  to   space 12288K, 0% used [0x00000000e5c80000,0x00000000e5c80000,0x00000000e6880000)
 ParOldGen       total 59904K, used 10486K [0x00000000a0000000, 0x00000000a3a80000, 0x00000000e0000000)
  object space 59904K, 17% used [0x00000000a0000000,0x00000000a0a3d810,0x00000000a3a80000)
 Metaspace       used 34496K, capacity 35312K, committed 35416K, reserved 1079296K
  class space    used 4830K, capacity 5095K, committed 5120K, reserved 1048576K
Event: 7.491 GC heap after
Heap after GC invocations=10 (full 2):
 PSYoungGen      total 105472K, used 0K [0x00000000e0000000, 0x00000000e7500000, 0x0000000100000000)
  eden space 94720K, 0% used [0x00000000e0000000,0x00000000e0000000,0x00000000e5c80000)
  from space 10752K, 0% used [0x00000000e6880000,0x00000000e6880000,0x00000000e7300000)
  to   space 12288K, 0% used [0x00000000e5c80000,0x00000000e5c80000,0x00000000e6880000)
 ParOldGen       total 59904K, used 17746K [0x00000000a0000000, 0x00000000a3a80000, 0x00000000e0000000)
  object space 59904K, 29% used [0x00000000a0000000,0x00000000a1154b50,0x00000000a3a80000)
 Metaspace       used 34496K, capacity 35312K, committed 35416K, reserved 1079296K
  class space    used 4830K, capacity 5095K, committed 5120K, reserved 1048576K
}

